[2024-11-14T19:24:52.693+0000] {local_task_job_runner.py:123} INFO - ::group::Pre task execution logs
[2024-11-14T19:24:52.734+0000] {taskinstance.py:2613} INFO - Dependencies all met for dep_context=non-requeueable deps ti=<TaskInstance: mongodb_to_kafka_streaming.create_kafka_topic manual__2024-11-14T19:24:50.610751+00:00 [queued]>
[2024-11-14T19:24:52.747+0000] {taskinstance.py:2613} INFO - Dependencies all met for dep_context=requeueable deps ti=<TaskInstance: mongodb_to_kafka_streaming.create_kafka_topic manual__2024-11-14T19:24:50.610751+00:00 [queued]>
[2024-11-14T19:24:52.748+0000] {taskinstance.py:2866} INFO - Starting attempt 1 of 2
[2024-11-14T19:24:52.762+0000] {taskinstance.py:2889} INFO - Executing <Task(PythonOperator): create_kafka_topic> on 2024-11-14 19:24:50.610751+00:00
[2024-11-14T19:24:52.780+0000] {logging_mixin.py:190} WARNING - /home/airflow/.local/lib/python3.12/site-packages/airflow/task/task_runner/standard_task_runner.py:70 DeprecationWarning: This process (pid=308) is multi-threaded, use of fork() may lead to deadlocks in the child.
[2024-11-14T19:24:52.777+0000] {standard_task_runner.py:104} INFO - Running: ['airflow', 'tasks', 'run', 'mongodb_to_kafka_streaming', 'create_kafka_topic', 'manual__2024-11-14T19:24:50.610751+00:00', '--job-id', '2', '--raw', '--subdir', 'DAGS_FOLDER/test_airflow_ahihi.py', '--cfg-path', '/tmp/tmpdtuz69vh']
[2024-11-14T19:24:52.782+0000] {standard_task_runner.py:72} INFO - Started process 309 to run task
[2024-11-14T19:24:52.783+0000] {standard_task_runner.py:105} INFO - Job 2: Subtask create_kafka_topic
[2024-11-14T19:24:52.800+0000] {logging_mixin.py:190} WARNING - /home/airflow/.local/lib/python3.12/site-packages/airflow/settings.py:209 DeprecationWarning: The sql_alchemy_conn option in [core] has been moved to the sql_alchemy_conn option in [database] - the old setting has been used, but please update your config.
[2024-11-14T19:24:52.845+0000] {task_command.py:467} INFO - Running <TaskInstance: mongodb_to_kafka_streaming.create_kafka_topic manual__2024-11-14T19:24:50.610751+00:00 [running]> on host 38e257a4ebe9
[2024-11-14T19:24:52.958+0000] {taskinstance.py:3132} INFO - Exporting env vars: AIRFLOW_CTX_DAG_OWNER='airflow' AIRFLOW_CTX_DAG_ID='mongodb_to_kafka_streaming' AIRFLOW_CTX_TASK_ID='create_kafka_topic' AIRFLOW_CTX_EXECUTION_DATE='2024-11-14T19:24:50.610751+00:00' AIRFLOW_CTX_TRY_NUMBER='1' AIRFLOW_CTX_DAG_RUN_ID='manual__2024-11-14T19:24:50.610751+00:00'
[2024-11-14T19:24:52.959+0000] {taskinstance.py:731} INFO - ::endgroup::
[2024-11-14T19:24:53.048+0000] {logging_mixin.py:190} INFO - Topic books_topic chưa tồn tại, đang tạo mới...
[2024-11-14T19:24:53.050+0000] {logging_mixin.py:190} INFO - Topic books_topic đã được tạo.
[2024-11-14T19:24:53.052+0000] {python.py:240} INFO - Done. Returned value was: None
[2024-11-14T19:24:53.063+0000] {taskinstance.py:340} INFO - ::group::Post task execution logs
[2024-11-14T19:24:53.064+0000] {taskinstance.py:352} INFO - Marking task as SUCCESS. dag_id=mongodb_to_kafka_streaming, task_id=create_kafka_topic, run_id=manual__2024-11-14T19:24:50.610751+00:00, execution_date=20241114T192450, start_date=20241114T192452, end_date=20241114T192453
[2024-11-14T19:24:53.121+0000] {local_task_job_runner.py:266} INFO - Task exited with return code 0
[2024-11-14T19:24:53.154+0000] {taskinstance.py:3895} INFO - 1 downstream tasks scheduled from follow-on schedule check
[2024-11-14T19:24:53.156+0000] {local_task_job_runner.py:245} INFO - ::endgroup::
