[2024-11-13T15:45:57.019+0000] {local_task_job_runner.py:123} INFO - ::group::Pre task execution logs
[2024-11-13T15:45:57.055+0000] {taskinstance.py:2613} INFO - Dependencies all met for dep_context=non-requeueable deps ti=<TaskInstance: docker_build_and_run.list_files manual__2024-11-13T15:45:55.581171+00:00 [queued]>
[2024-11-13T15:45:57.074+0000] {taskinstance.py:2613} INFO - Dependencies all met for dep_context=requeueable deps ti=<TaskInstance: docker_build_and_run.list_files manual__2024-11-13T15:45:55.581171+00:00 [queued]>
[2024-11-13T15:45:57.075+0000] {taskinstance.py:2866} INFO - Starting attempt 1 of 1
[2024-11-13T15:45:57.091+0000] {taskinstance.py:2889} INFO - Executing <Task(BashOperator): list_files> on 2024-11-13 15:45:55.581171+00:00
[2024-11-13T15:45:57.103+0000] {standard_task_runner.py:104} INFO - Running: ['airflow', 'tasks', 'run', 'docker_build_and_run', 'list_files', 'manual__2024-11-13T15:45:55.581171+00:00', '--job-id', '2', '--raw', '--subdir', 'DAGS_FOLDER/test_main.py', '--cfg-path', '/tmp/tmpncznnu2d']
[2024-11-13T15:45:57.106+0000] {logging_mixin.py:190} WARNING - /home/airflow/.local/lib/python3.12/site-packages/airflow/task/task_runner/standard_task_runner.py:70 DeprecationWarning: This process (pid=198) is multi-threaded, use of fork() may lead to deadlocks in the child.
[2024-11-13T15:45:57.108+0000] {standard_task_runner.py:105} INFO - Job 2: Subtask list_files
[2024-11-13T15:45:57.109+0000] {standard_task_runner.py:72} INFO - Started process 199 to run task
[2024-11-13T15:45:57.129+0000] {logging_mixin.py:190} WARNING - /home/airflow/.local/lib/python3.12/site-packages/airflow/settings.py:209 DeprecationWarning: The sql_alchemy_conn option in [core] has been moved to the sql_alchemy_conn option in [database] - the old setting has been used, but please update your config.
[2024-11-13T15:45:57.192+0000] {task_command.py:467} INFO - Running <TaskInstance: docker_build_and_run.list_files manual__2024-11-13T15:45:55.581171+00:00 [running]> on host 293e7d0aa185
[2024-11-13T15:45:57.356+0000] {taskinstance.py:3132} INFO - Exporting env vars: AIRFLOW_CTX_DAG_OWNER='airflow' AIRFLOW_CTX_DAG_ID='docker_build_and_run' AIRFLOW_CTX_TASK_ID='list_files' AIRFLOW_CTX_EXECUTION_DATE='2024-11-13T15:45:55.581171+00:00' AIRFLOW_CTX_TRY_NUMBER='1' AIRFLOW_CTX_DAG_RUN_ID='manual__2024-11-13T15:45:55.581171+00:00'
[2024-11-13T15:45:57.358+0000] {taskinstance.py:731} INFO - ::endgroup::
[2024-11-13T15:45:57.433+0000] {subprocess.py:78} INFO - Tmp dir root location: /tmp
[2024-11-13T15:45:57.437+0000] {subprocess.py:88} INFO - Running command: ['/usr/bin/bash', '-c', 'cd /opt/airflow && ls -l']
[2024-11-13T15:45:57.454+0000] {subprocess.py:99} INFO - Output:
[2024-11-13T15:45:57.471+0000] {subprocess.py:106} INFO - total 108
[2024-11-13T15:45:57.472+0000] {subprocess.py:106} INFO - drwxrwxrwx 1 root    root    512 Nov  5 11:28 DeTaiPhanTichDinhLuong_Xuly_Pyspark_WebKimDong_BanChinh
[2024-11-13T15:45:57.473+0000] {subprocess.py:106} INFO - -rw------- 1 airflow root 110396 Nov 13 15:44 airflow.cfg
[2024-11-13T15:45:57.474+0000] {subprocess.py:106} INFO - drwxrwxrwx 1 root    root    512 Nov 12 09:52 dags
[2024-11-13T15:45:57.474+0000] {subprocess.py:106} INFO - drwxrwxrwx 1 root    root    512 Nov 13 02:52 logs
[2024-11-13T15:45:57.475+0000] {subprocess.py:106} INFO - drwxrwxrwx 1 root    root    512 Nov 11 13:27 plugins
[2024-11-13T15:45:57.476+0000] {subprocess.py:110} INFO - Command exited with return code 0
[2024-11-13T15:45:57.541+0000] {taskinstance.py:340} INFO - ::group::Post task execution logs
[2024-11-13T15:45:57.543+0000] {taskinstance.py:352} INFO - Marking task as SUCCESS. dag_id=docker_build_and_run, task_id=list_files, run_id=manual__2024-11-13T15:45:55.581171+00:00, execution_date=20241113T154555, start_date=20241113T154557, end_date=20241113T154557
[2024-11-13T15:45:57.575+0000] {local_task_job_runner.py:266} INFO - Task exited with return code 0
[2024-11-13T15:45:57.625+0000] {taskinstance.py:3895} INFO - 1 downstream tasks scheduled from follow-on schedule check
[2024-11-13T15:45:57.629+0000] {local_task_job_runner.py:245} INFO - ::endgroup::
