[2024-11-12T09:32:02.058+0000] {local_task_job_runner.py:123} INFO - ::group::Pre task execution logs
[2024-11-12T09:32:02.102+0000] {taskinstance.py:2613} INFO - Dependencies all met for dep_context=non-requeueable deps ti=<TaskInstance: example_hello_world.hello_task scheduled__2024-11-12T09:30:00+00:00 [queued]>
[2024-11-12T09:32:02.125+0000] {taskinstance.py:2613} INFO - Dependencies all met for dep_context=requeueable deps ti=<TaskInstance: example_hello_world.hello_task scheduled__2024-11-12T09:30:00+00:00 [queued]>
[2024-11-12T09:32:02.126+0000] {taskinstance.py:2866} INFO - Starting attempt 1 of 2
[2024-11-12T09:32:02.156+0000] {taskinstance.py:2889} INFO - Executing <Task(PythonOperator): hello_task> on 2024-11-12 09:30:00+00:00
[2024-11-12T09:32:02.178+0000] {standard_task_runner.py:104} INFO - Running: ['airflow', 'tasks', 'run', 'example_hello_world', 'hello_task', 'scheduled__2024-11-12T09:30:00+00:00', '--job-id', '37', '--raw', '--subdir', 'DAGS_FOLDER/example_dag.py', '--cfg-path', '/tmp/tmp46hsqsx2']
[2024-11-12T09:32:02.189+0000] {logging_mixin.py:190} WARNING - /home/airflow/.local/lib/python3.12/site-packages/airflow/task/task_runner/standard_task_runner.py:70 DeprecationWarning: This process (pid=225) is multi-threaded, use of fork() may lead to deadlocks in the child.
[2024-11-12T09:32:02.196+0000] {standard_task_runner.py:105} INFO - Job 37: Subtask hello_task
[2024-11-12T09:32:02.197+0000] {standard_task_runner.py:72} INFO - Started process 226 to run task
[2024-11-12T09:32:02.251+0000] {logging_mixin.py:190} WARNING - /home/airflow/.local/lib/python3.12/site-packages/airflow/settings.py:209 DeprecationWarning: The sql_alchemy_conn option in [core] has been moved to the sql_alchemy_conn option in [database] - the old setting has been used, but please update your config.
[2024-11-12T09:32:02.454+0000] {task_command.py:467} INFO - Running <TaskInstance: example_hello_world.hello_task scheduled__2024-11-12T09:30:00+00:00 [running]> on host 5a56f41a2334
[2024-11-12T09:32:02.457+0000] {logging_mixin.py:190} WARNING - /home/airflow/.local/lib/python3.12/site-packages/airflow/settings.py:470 DeprecationWarning: The sql_alchemy_conn option in [core] has been moved to the sql_alchemy_conn option in [database] - the old setting has been used, but please update your config.
[2024-11-12T09:32:02.701+0000] {taskinstance.py:3132} INFO - Exporting env vars: AIRFLOW_CTX_DAG_OWNER='airflow' AIRFLOW_CTX_DAG_ID='example_hello_world' AIRFLOW_CTX_TASK_ID='hello_task' AIRFLOW_CTX_EXECUTION_DATE='2024-11-12T09:30:00+00:00' AIRFLOW_CTX_TRY_NUMBER='1' AIRFLOW_CTX_DAG_RUN_ID='scheduled__2024-11-12T09:30:00+00:00'
[2024-11-12T09:32:02.702+0000] {taskinstance.py:731} INFO - ::endgroup::
[2024-11-12T09:32:02.730+0000] {logging_mixin.py:190} INFO - Hello, World!
[2024-11-12T09:32:02.732+0000] {python.py:240} INFO - Done. Returned value was: None
[2024-11-12T09:32:02.744+0000] {taskinstance.py:340} INFO - ::group::Post task execution logs
[2024-11-12T09:32:02.746+0000] {taskinstance.py:352} INFO - Marking task as SUCCESS. dag_id=example_hello_world, task_id=hello_task, run_id=scheduled__2024-11-12T09:30:00+00:00, execution_date=20241112T093000, start_date=20241112T093202, end_date=20241112T093202
[2024-11-12T09:32:02.789+0000] {local_task_job_runner.py:266} INFO - Task exited with return code 0
[2024-11-12T09:32:02.811+0000] {taskinstance.py:3895} INFO - 0 downstream tasks scheduled from follow-on schedule check
[2024-11-12T09:32:02.815+0000] {local_task_job_runner.py:245} INFO - ::endgroup::
