[2024-11-14T19:25:59.398+0000] {local_task_job_runner.py:123} INFO - ::group::Pre task execution logs
[2024-11-14T19:25:59.454+0000] {taskinstance.py:2613} INFO - Dependencies all met for dep_context=non-requeueable deps ti=<TaskInstance: kafka_to_postgres_pipeline.create_tables scheduled__2023-01-11T00:00:00+00:00 [queued]>
[2024-11-14T19:25:59.503+0000] {taskinstance.py:2613} INFO - Dependencies all met for dep_context=requeueable deps ti=<TaskInstance: kafka_to_postgres_pipeline.create_tables scheduled__2023-01-11T00:00:00+00:00 [queued]>
[2024-11-14T19:25:59.508+0000] {taskinstance.py:2866} INFO - Starting attempt 1 of 2
[2024-11-14T19:25:59.580+0000] {taskinstance.py:2889} INFO - Executing <Task(PythonOperator): create_tables> on 2023-01-11 00:00:00+00:00
[2024-11-14T19:25:59.633+0000] {logging_mixin.py:190} WARNING - /home/airflow/.local/lib/python3.12/site-packages/airflow/task/task_runner/standard_task_runner.py:70 DeprecationWarning: This process (pid=433) is multi-threaded, use of fork() may lead to deadlocks in the child.
[2024-11-14T19:25:59.637+0000] {standard_task_runner.py:72} INFO - Started process 446 to run task
[2024-11-14T19:25:59.629+0000] {standard_task_runner.py:104} INFO - Running: ['airflow', 'tasks', 'run', 'kafka_to_postgres_pipeline', 'create_tables', 'scheduled__2023-01-11T00:00:00+00:00', '--job-id', '37', '--raw', '--subdir', 'DAGS_FOLDER/test_postgres.py', '--cfg-path', '/tmp/tmpv6azaiog']
[2024-11-14T19:25:59.646+0000] {standard_task_runner.py:105} INFO - Job 37: Subtask create_tables
[2024-11-14T19:25:59.685+0000] {logging_mixin.py:190} WARNING - /home/airflow/.local/lib/python3.12/site-packages/airflow/settings.py:209 DeprecationWarning: The sql_alchemy_conn option in [core] has been moved to the sql_alchemy_conn option in [database] - the old setting has been used, but please update your config.
[2024-11-14T19:25:59.796+0000] {task_command.py:467} INFO - Running <TaskInstance: kafka_to_postgres_pipeline.create_tables scheduled__2023-01-11T00:00:00+00:00 [running]> on host 38e257a4ebe9
[2024-11-14T19:25:59.801+0000] {logging_mixin.py:190} WARNING - /home/airflow/.local/lib/python3.12/site-packages/airflow/settings.py:470 DeprecationWarning: The sql_alchemy_conn option in [core] has been moved to the sql_alchemy_conn option in [database] - the old setting has been used, but please update your config.
[2024-11-14T19:26:00.169+0000] {taskinstance.py:3132} INFO - Exporting env vars: AIRFLOW_CTX_DAG_OWNER='airflow' AIRFLOW_CTX_DAG_ID='kafka_to_postgres_pipeline' AIRFLOW_CTX_TASK_ID='create_tables' AIRFLOW_CTX_EXECUTION_DATE='2023-01-11T00:00:00+00:00' AIRFLOW_CTX_TRY_NUMBER='1' AIRFLOW_CTX_DAG_RUN_ID='scheduled__2023-01-11T00:00:00+00:00'
[2024-11-14T19:26:00.174+0000] {taskinstance.py:731} INFO - ::endgroup::
[2024-11-14T19:26:02.186+0000] {logging_mixin.py:190} INFO - Các bảng đã được tạo hoặc đã tồn tại.
[2024-11-14T19:26:02.211+0000] {python.py:240} INFO - Done. Returned value was: None
[2024-11-14T19:26:12.553+0000] {job.py:229} INFO - Heartbeat recovered after 13.33 seconds
[2024-11-14T19:26:12.692+0000] {taskinstance.py:340} INFO - ::group::Post task execution logs
[2024-11-14T19:26:12.698+0000] {taskinstance.py:352} INFO - Marking task as SUCCESS. dag_id=kafka_to_postgres_pipeline, task_id=create_tables, run_id=scheduled__2023-01-11T00:00:00+00:00, execution_date=20230111T000000, start_date=20241114T192559, end_date=20241114T192612
[2024-11-14T19:26:12.863+0000] {local_task_job_runner.py:266} INFO - Task exited with return code 0
[2024-11-14T19:26:12.996+0000] {taskinstance.py:3895} INFO - 1 downstream tasks scheduled from follow-on schedule check
[2024-11-14T19:26:13.004+0000] {local_task_job_runner.py:245} INFO - ::endgroup::
