[2024-11-14T19:25:58.129+0000] {local_task_job_runner.py:123} INFO - ::group::Pre task execution logs
[2024-11-14T19:25:58.219+0000] {taskinstance.py:2613} INFO - Dependencies all met for dep_context=non-requeueable deps ti=<TaskInstance: kafka_to_postgres_pipeline.create_tables scheduled__2023-01-12T00:00:00+00:00 [queued]>
[2024-11-14T19:25:58.241+0000] {taskinstance.py:2613} INFO - Dependencies all met for dep_context=requeueable deps ti=<TaskInstance: kafka_to_postgres_pipeline.create_tables scheduled__2023-01-12T00:00:00+00:00 [queued]>
[2024-11-14T19:25:58.243+0000] {taskinstance.py:2866} INFO - Starting attempt 1 of 2
[2024-11-14T19:25:58.518+0000] {taskinstance.py:2889} INFO - Executing <Task(PythonOperator): create_tables> on 2023-01-12 00:00:00+00:00
[2024-11-14T19:25:58.553+0000] {logging_mixin.py:190} WARNING - /home/airflow/.local/lib/python3.12/site-packages/airflow/task/task_runner/standard_task_runner.py:70 DeprecationWarning: This process (pid=407) is multi-threaded, use of fork() may lead to deadlocks in the child.
[2024-11-14T19:25:58.557+0000] {standard_task_runner.py:72} INFO - Started process 437 to run task
[2024-11-14T19:25:58.555+0000] {standard_task_runner.py:104} INFO - Running: ['airflow', 'tasks', 'run', 'kafka_to_postgres_pipeline', 'create_tables', 'scheduled__2023-01-12T00:00:00+00:00', '--job-id', '31', '--raw', '--subdir', 'DAGS_FOLDER/test_postgres.py', '--cfg-path', '/tmp/tmp_hpfnxlf']
[2024-11-14T19:25:58.560+0000] {standard_task_runner.py:105} INFO - Job 31: Subtask create_tables
[2024-11-14T19:25:58.622+0000] {logging_mixin.py:190} WARNING - /home/airflow/.local/lib/python3.12/site-packages/airflow/settings.py:209 DeprecationWarning: The sql_alchemy_conn option in [core] has been moved to the sql_alchemy_conn option in [database] - the old setting has been used, but please update your config.
[2024-11-14T19:25:58.808+0000] {task_command.py:467} INFO - Running <TaskInstance: kafka_to_postgres_pipeline.create_tables scheduled__2023-01-12T00:00:00+00:00 [running]> on host 38e257a4ebe9
[2024-11-14T19:25:58.816+0000] {logging_mixin.py:190} WARNING - /home/airflow/.local/lib/python3.12/site-packages/airflow/settings.py:470 DeprecationWarning: The sql_alchemy_conn option in [core] has been moved to the sql_alchemy_conn option in [database] - the old setting has been used, but please update your config.
[2024-11-14T19:25:59.144+0000] {taskinstance.py:3132} INFO - Exporting env vars: AIRFLOW_CTX_DAG_OWNER='airflow' AIRFLOW_CTX_DAG_ID='kafka_to_postgres_pipeline' AIRFLOW_CTX_TASK_ID='create_tables' AIRFLOW_CTX_EXECUTION_DATE='2023-01-12T00:00:00+00:00' AIRFLOW_CTX_TRY_NUMBER='1' AIRFLOW_CTX_DAG_RUN_ID='scheduled__2023-01-12T00:00:00+00:00'
[2024-11-14T19:25:59.147+0000] {taskinstance.py:731} INFO - ::endgroup::
[2024-11-14T19:25:59.201+0000] {logging_mixin.py:190} INFO - Các bảng đã được tạo hoặc đã tồn tại.
[2024-11-14T19:25:59.205+0000] {python.py:240} INFO - Done. Returned value was: None
[2024-11-14T19:25:59.246+0000] {taskinstance.py:340} INFO - ::group::Post task execution logs
[2024-11-14T19:25:59.247+0000] {taskinstance.py:352} INFO - Marking task as SUCCESS. dag_id=kafka_to_postgres_pipeline, task_id=create_tables, run_id=scheduled__2023-01-12T00:00:00+00:00, execution_date=20230112T000000, start_date=20241114T192558, end_date=20241114T192559
[2024-11-14T19:25:59.388+0000] {local_task_job_runner.py:266} INFO - Task exited with return code 0
[2024-11-14T19:25:59.484+0000] {taskinstance.py:3895} INFO - 1 downstream tasks scheduled from follow-on schedule check
[2024-11-14T19:25:59.495+0000] {local_task_job_runner.py:245} INFO - ::endgroup::
