[2024-11-13T15:30:58.100+0000] {local_task_job_runner.py:123} INFO - ::group::Pre task execution logs
[2024-11-13T15:30:58.160+0000] {taskinstance.py:2613} INFO - Dependencies all met for dep_context=non-requeueable deps ti=<TaskInstance: docker_build_and_run.list_files manual__2024-11-13T15:30:55.915122+00:00 [queued]>
[2024-11-13T15:30:58.191+0000] {taskinstance.py:2613} INFO - Dependencies all met for dep_context=requeueable deps ti=<TaskInstance: docker_build_and_run.list_files manual__2024-11-13T15:30:55.915122+00:00 [queued]>
[2024-11-13T15:30:58.192+0000] {taskinstance.py:2866} INFO - Starting attempt 1 of 1
[2024-11-13T15:30:58.222+0000] {taskinstance.py:2889} INFO - Executing <Task(BashOperator): list_files> on 2024-11-13 15:30:55.915122+00:00
[2024-11-13T15:30:58.249+0000] {logging_mixin.py:190} WARNING - /home/airflow/.local/lib/python3.12/site-packages/airflow/task/task_runner/standard_task_runner.py:70 DeprecationWarning: This process (pid=207) is multi-threaded, use of fork() may lead to deadlocks in the child.
[2024-11-13T15:30:58.251+0000] {standard_task_runner.py:72} INFO - Started process 210 to run task
[2024-11-13T15:30:58.263+0000] {standard_task_runner.py:104} INFO - Running: ['airflow', 'tasks', 'run', 'docker_build_and_run', 'list_files', 'manual__2024-11-13T15:30:55.915122+00:00', '--job-id', '2', '--raw', '--subdir', 'DAGS_FOLDER/test_main.py', '--cfg-path', '/tmp/tmp10zv0x11']
[2024-11-13T15:30:58.281+0000] {standard_task_runner.py:105} INFO - Job 2: Subtask list_files
[2024-11-13T15:30:58.354+0000] {logging_mixin.py:190} WARNING - /home/airflow/.local/lib/python3.12/site-packages/airflow/settings.py:209 DeprecationWarning: The sql_alchemy_conn option in [core] has been moved to the sql_alchemy_conn option in [database] - the old setting has been used, but please update your config.
[2024-11-13T15:30:58.570+0000] {task_command.py:467} INFO - Running <TaskInstance: docker_build_and_run.list_files manual__2024-11-13T15:30:55.915122+00:00 [running]> on host 5434db95ffc2
[2024-11-13T15:30:58.918+0000] {taskinstance.py:3132} INFO - Exporting env vars: AIRFLOW_CTX_DAG_OWNER='airflow' AIRFLOW_CTX_DAG_ID='docker_build_and_run' AIRFLOW_CTX_TASK_ID='list_files' AIRFLOW_CTX_EXECUTION_DATE='2024-11-13T15:30:55.915122+00:00' AIRFLOW_CTX_TRY_NUMBER='1' AIRFLOW_CTX_DAG_RUN_ID='manual__2024-11-13T15:30:55.915122+00:00'
[2024-11-13T15:30:58.924+0000] {taskinstance.py:731} INFO - ::endgroup::
[2024-11-13T15:30:59.114+0000] {subprocess.py:78} INFO - Tmp dir root location: /tmp
[2024-11-13T15:30:59.120+0000] {subprocess.py:88} INFO - Running command: ['/usr/bin/bash', '-c', 'ls -l /opt/airflow/dags']
[2024-11-13T15:30:59.151+0000] {subprocess.py:99} INFO - Output:
[2024-11-13T15:30:59.199+0000] {subprocess.py:106} INFO - total 8
[2024-11-13T15:30:59.200+0000] {subprocess.py:106} INFO - drwxrwxr-x 1 airflow root  512 Nov 13 15:28 __pycache__
[2024-11-13T15:30:59.201+0000] {subprocess.py:106} INFO - -rwxrwxrwx 1 root    root  944 Nov 12 09:51 example_dag.py
[2024-11-13T15:30:59.201+0000] {subprocess.py:106} INFO - -rwxrwxrwx 1 root    root 1384 Nov 13 15:28 test_main.py
[2024-11-13T15:30:59.208+0000] {subprocess.py:110} INFO - Command exited with return code 0
[2024-11-13T15:30:59.273+0000] {taskinstance.py:340} INFO - ::group::Post task execution logs
[2024-11-13T15:30:59.274+0000] {taskinstance.py:352} INFO - Marking task as SUCCESS. dag_id=docker_build_and_run, task_id=list_files, run_id=manual__2024-11-13T15:30:55.915122+00:00, execution_date=20241113T153055, start_date=20241113T153058, end_date=20241113T153059
[2024-11-13T15:30:59.342+0000] {local_task_job_runner.py:266} INFO - Task exited with return code 0
[2024-11-13T15:30:59.386+0000] {taskinstance.py:3895} INFO - 1 downstream tasks scheduled from follow-on schedule check
[2024-11-13T15:30:59.389+0000] {local_task_job_runner.py:245} INFO - ::endgroup::
