[2024-11-13T15:54:23.232+0000] {local_task_job_runner.py:123} INFO - ::group::Pre task execution logs
[2024-11-13T15:54:23.260+0000] {taskinstance.py:2613} INFO - Dependencies all met for dep_context=non-requeueable deps ti=<TaskInstance: docker_build_and_run.list_files manual__2024-11-13T15:54:21.752039+00:00 [queued]>
[2024-11-13T15:54:23.274+0000] {taskinstance.py:2613} INFO - Dependencies all met for dep_context=requeueable deps ti=<TaskInstance: docker_build_and_run.list_files manual__2024-11-13T15:54:21.752039+00:00 [queued]>
[2024-11-13T15:54:23.275+0000] {taskinstance.py:2866} INFO - Starting attempt 1 of 1
[2024-11-13T15:54:23.290+0000] {taskinstance.py:2889} INFO - Executing <Task(BashOperator): list_files> on 2024-11-13 15:54:21.752039+00:00
[2024-11-13T15:54:23.299+0000] {logging_mixin.py:190} WARNING - /home/airflow/.local/lib/python3.12/site-packages/airflow/task/task_runner/standard_task_runner.py:70 DeprecationWarning: This process (pid=199) is multi-threaded, use of fork() may lead to deadlocks in the child.
[2024-11-13T15:54:23.300+0000] {standard_task_runner.py:72} INFO - Started process 200 to run task
[2024-11-13T15:54:23.299+0000] {standard_task_runner.py:104} INFO - Running: ['airflow', 'tasks', 'run', 'docker_build_and_run', 'list_files', 'manual__2024-11-13T15:54:21.752039+00:00', '--job-id', '2', '--raw', '--subdir', 'DAGS_FOLDER/test_main.py', '--cfg-path', '/tmp/tmp8_07fvu8']
[2024-11-13T15:54:23.301+0000] {standard_task_runner.py:105} INFO - Job 2: Subtask list_files
[2024-11-13T15:54:23.317+0000] {logging_mixin.py:190} WARNING - /home/airflow/.local/lib/python3.12/site-packages/airflow/settings.py:209 DeprecationWarning: The sql_alchemy_conn option in [core] has been moved to the sql_alchemy_conn option in [database] - the old setting has been used, but please update your config.
[2024-11-13T15:54:23.360+0000] {task_command.py:467} INFO - Running <TaskInstance: docker_build_and_run.list_files manual__2024-11-13T15:54:21.752039+00:00 [running]> on host 9d86e5f32819
[2024-11-13T15:54:23.536+0000] {taskinstance.py:3132} INFO - Exporting env vars: AIRFLOW_CTX_DAG_OWNER='airflow' AIRFLOW_CTX_DAG_ID='docker_build_and_run' AIRFLOW_CTX_TASK_ID='list_files' AIRFLOW_CTX_EXECUTION_DATE='2024-11-13T15:54:21.752039+00:00' AIRFLOW_CTX_TRY_NUMBER='1' AIRFLOW_CTX_DAG_RUN_ID='manual__2024-11-13T15:54:21.752039+00:00'
[2024-11-13T15:54:23.538+0000] {taskinstance.py:731} INFO - ::endgroup::
[2024-11-13T15:54:23.646+0000] {subprocess.py:78} INFO - Tmp dir root location: /tmp
[2024-11-13T15:54:23.651+0000] {subprocess.py:88} INFO - Running command: ['/usr/bin/bash', '-c', 'cd /opt/airflow/DeTaiPhanTichDinhLuong_Xuly_Pyspark_WebKimDong_BanChinh && ls -l']
[2024-11-13T15:54:23.688+0000] {subprocess.py:99} INFO - Output:
[2024-11-13T15:54:23.737+0000] {subprocess.py:106} INFO - total 56
[2024-11-13T15:54:23.738+0000] {subprocess.py:106} INFO - -rwxrwxrwx 1 root root 54747 Oct 14 05:17 DeTai_PhanTichDinhLuong_WebKimDong-main_version2_BaoCao.docx
[2024-11-13T15:54:23.739+0000] {subprocess.py:106} INFO - drwxrwxrwx 1 root root   512 Oct 12 15:39 DeTai_PhanTichDinhLuong_WebKimDong-main_version2_pyspark_Linux
[2024-11-13T15:54:23.739+0000] {subprocess.py:106} INFO - drwxrwxrwx 1 root root   512 Nov 13 13:15 DeTai_PhanTichDinhLuong_WebKimDong-main_version2_pyspark_windows
[2024-11-13T15:54:23.742+0000] {subprocess.py:110} INFO - Command exited with return code 0
[2024-11-13T15:54:23.780+0000] {taskinstance.py:340} INFO - ::group::Post task execution logs
[2024-11-13T15:54:23.782+0000] {taskinstance.py:352} INFO - Marking task as SUCCESS. dag_id=docker_build_and_run, task_id=list_files, run_id=manual__2024-11-13T15:54:21.752039+00:00, execution_date=20241113T155421, start_date=20241113T155423, end_date=20241113T155423
[2024-11-13T15:54:23.845+0000] {local_task_job_runner.py:266} INFO - Task exited with return code 0
[2024-11-13T15:54:23.919+0000] {taskinstance.py:3895} INFO - 1 downstream tasks scheduled from follow-on schedule check
[2024-11-13T15:54:23.921+0000] {local_task_job_runner.py:245} INFO - ::endgroup::
