[2024-11-13T15:11:54.346+0000] {local_task_job_runner.py:123} INFO - ::group::Pre task execution logs
[2024-11-13T15:11:54.389+0000] {taskinstance.py:2613} INFO - Dependencies all met for dep_context=non-requeueable deps ti=<TaskInstance: docker_build_and_run.cd_to_dags manual__2024-11-13T15:11:52.283600+00:00 [queued]>
[2024-11-13T15:11:54.413+0000] {taskinstance.py:2613} INFO - Dependencies all met for dep_context=requeueable deps ti=<TaskInstance: docker_build_and_run.cd_to_dags manual__2024-11-13T15:11:52.283600+00:00 [queued]>
[2024-11-13T15:11:54.414+0000] {taskinstance.py:2866} INFO - Starting attempt 1 of 1
[2024-11-13T15:11:54.440+0000] {taskinstance.py:2889} INFO - Executing <Task(BashOperator): cd_to_dags> on 2024-11-13 15:11:52.283600+00:00
[2024-11-13T15:11:54.460+0000] {logging_mixin.py:190} WARNING - /home/airflow/.local/lib/python3.12/site-packages/airflow/task/task_runner/standard_task_runner.py:70 DeprecationWarning: This process (pid=199) is multi-threaded, use of fork() may lead to deadlocks in the child.
[2024-11-13T15:11:54.464+0000] {standard_task_runner.py:72} INFO - Started process 200 to run task
[2024-11-13T15:11:54.461+0000] {standard_task_runner.py:104} INFO - Running: ['airflow', 'tasks', 'run', 'docker_build_and_run', 'cd_to_dags', 'manual__2024-11-13T15:11:52.283600+00:00', '--job-id', '2', '--raw', '--subdir', 'DAGS_FOLDER/test_main.py', '--cfg-path', '/tmp/tmpljavwfqn']
[2024-11-13T15:11:54.469+0000] {standard_task_runner.py:105} INFO - Job 2: Subtask cd_to_dags
[2024-11-13T15:11:54.547+0000] {logging_mixin.py:190} WARNING - /home/airflow/.local/lib/python3.12/site-packages/airflow/settings.py:209 DeprecationWarning: The sql_alchemy_conn option in [core] has been moved to the sql_alchemy_conn option in [database] - the old setting has been used, but please update your config.
[2024-11-13T15:11:54.671+0000] {task_command.py:467} INFO - Running <TaskInstance: docker_build_and_run.cd_to_dags manual__2024-11-13T15:11:52.283600+00:00 [running]> on host 15e0a032b065
[2024-11-13T15:11:54.950+0000] {taskinstance.py:3132} INFO - Exporting env vars: AIRFLOW_CTX_DAG_OWNER='airflow' AIRFLOW_CTX_DAG_ID='docker_build_and_run' AIRFLOW_CTX_TASK_ID='cd_to_dags' AIRFLOW_CTX_EXECUTION_DATE='2024-11-13T15:11:52.283600+00:00' AIRFLOW_CTX_TRY_NUMBER='1' AIRFLOW_CTX_DAG_RUN_ID='manual__2024-11-13T15:11:52.283600+00:00'
[2024-11-13T15:11:54.953+0000] {taskinstance.py:731} INFO - ::endgroup::
[2024-11-13T15:11:55.022+0000] {subprocess.py:78} INFO - Tmp dir root location: /tmp
[2024-11-13T15:11:55.026+0000] {subprocess.py:88} INFO - Running command: ['/usr/bin/bash', '-c', 'cd /opt/airflow/dags']
[2024-11-13T15:11:55.040+0000] {subprocess.py:99} INFO - Output:
[2024-11-13T15:11:55.050+0000] {subprocess.py:110} INFO - Command exited with return code 0
[2024-11-13T15:11:55.080+0000] {taskinstance.py:340} INFO - ::group::Post task execution logs
[2024-11-13T15:11:55.081+0000] {taskinstance.py:352} INFO - Marking task as SUCCESS. dag_id=docker_build_and_run, task_id=cd_to_dags, run_id=manual__2024-11-13T15:11:52.283600+00:00, execution_date=20241113T151152, start_date=20241113T151154, end_date=20241113T151155
[2024-11-13T15:11:55.115+0000] {local_task_job_runner.py:266} INFO - Task exited with return code 0
[2024-11-13T15:11:55.140+0000] {taskinstance.py:3895} INFO - 1 downstream tasks scheduled from follow-on schedule check
[2024-11-13T15:11:55.142+0000] {local_task_job_runner.py:245} INFO - ::endgroup::
