[2024-11-13T15:42:01.243+0000] {local_task_job_runner.py:123} INFO - ::group::Pre task execution logs
[2024-11-13T15:42:01.281+0000] {taskinstance.py:2613} INFO - Dependencies all met for dep_context=non-requeueable deps ti=<TaskInstance: docker_build_and_run.list_files manual__2024-11-13T15:41:59.308524+00:00 [queued]>
[2024-11-13T15:42:01.299+0000] {taskinstance.py:2613} INFO - Dependencies all met for dep_context=requeueable deps ti=<TaskInstance: docker_build_and_run.list_files manual__2024-11-13T15:41:59.308524+00:00 [queued]>
[2024-11-13T15:42:01.300+0000] {taskinstance.py:2866} INFO - Starting attempt 1 of 1
[2024-11-13T15:42:01.325+0000] {taskinstance.py:2889} INFO - Executing <Task(BashOperator): list_files> on 2024-11-13 15:41:59.308524+00:00
[2024-11-13T15:42:01.354+0000] {logging_mixin.py:190} WARNING - /home/airflow/.local/lib/python3.12/site-packages/airflow/task/task_runner/standard_task_runner.py:70 DeprecationWarning: This process (pid=199) is multi-threaded, use of fork() may lead to deadlocks in the child.
[2024-11-13T15:42:01.347+0000] {standard_task_runner.py:104} INFO - Running: ['airflow', 'tasks', 'run', 'docker_build_and_run', 'list_files', 'manual__2024-11-13T15:41:59.308524+00:00', '--job-id', '2', '--raw', '--subdir', 'DAGS_FOLDER/test_main.py', '--cfg-path', '/tmp/tmpxmsfwccn']
[2024-11-13T15:42:01.362+0000] {standard_task_runner.py:72} INFO - Started process 200 to run task
[2024-11-13T15:42:01.363+0000] {standard_task_runner.py:105} INFO - Job 2: Subtask list_files
[2024-11-13T15:42:01.417+0000] {logging_mixin.py:190} WARNING - /home/airflow/.local/lib/python3.12/site-packages/airflow/settings.py:209 DeprecationWarning: The sql_alchemy_conn option in [core] has been moved to the sql_alchemy_conn option in [database] - the old setting has been used, but please update your config.
[2024-11-13T15:42:01.528+0000] {task_command.py:467} INFO - Running <TaskInstance: docker_build_and_run.list_files manual__2024-11-13T15:41:59.308524+00:00 [running]> on host 8a8aadecabb3
[2024-11-13T15:42:01.717+0000] {taskinstance.py:3132} INFO - Exporting env vars: AIRFLOW_CTX_DAG_OWNER='airflow' AIRFLOW_CTX_DAG_ID='docker_build_and_run' AIRFLOW_CTX_TASK_ID='list_files' AIRFLOW_CTX_EXECUTION_DATE='2024-11-13T15:41:59.308524+00:00' AIRFLOW_CTX_TRY_NUMBER='1' AIRFLOW_CTX_DAG_RUN_ID='manual__2024-11-13T15:41:59.308524+00:00'
[2024-11-13T15:42:01.719+0000] {taskinstance.py:731} INFO - ::endgroup::
[2024-11-13T15:42:01.793+0000] {subprocess.py:78} INFO - Tmp dir root location: /tmp
[2024-11-13T15:42:01.799+0000] {subprocess.py:88} INFO - Running command: ['/usr/bin/bash', '-c', 'ls -l /opt/airflow']
[2024-11-13T15:42:01.814+0000] {subprocess.py:99} INFO - Output:
[2024-11-13T15:42:01.833+0000] {subprocess.py:106} INFO - total 108
[2024-11-13T15:42:01.834+0000] {subprocess.py:106} INFO - drwxrwxrwx 1 root    root    512 Nov  5 11:28 DeTaiPhanTichDinhLuong_Xuly_Pyspark_WebKimDong_BanChinh
[2024-11-13T15:42:01.835+0000] {subprocess.py:106} INFO - -rw------- 1 airflow root 110396 Nov 13 15:41 airflow.cfg
[2024-11-13T15:42:01.836+0000] {subprocess.py:106} INFO - drwxrwxrwx 1 root    root    512 Nov 12 09:52 dags
[2024-11-13T15:42:01.836+0000] {subprocess.py:106} INFO - drwxrwxrwx 1 root    root    512 Nov 13 02:52 logs
[2024-11-13T15:42:01.837+0000] {subprocess.py:106} INFO - drwxrwxrwx 1 root    root    512 Nov 11 13:27 plugins
[2024-11-13T15:42:01.839+0000] {subprocess.py:110} INFO - Command exited with return code 0
[2024-11-13T15:42:01.896+0000] {taskinstance.py:340} INFO - ::group::Post task execution logs
[2024-11-13T15:42:01.898+0000] {taskinstance.py:352} INFO - Marking task as SUCCESS. dag_id=docker_build_and_run, task_id=list_files, run_id=manual__2024-11-13T15:41:59.308524+00:00, execution_date=20241113T154159, start_date=20241113T154201, end_date=20241113T154201
[2024-11-13T15:42:01.957+0000] {local_task_job_runner.py:266} INFO - Task exited with return code 0
[2024-11-13T15:42:01.985+0000] {taskinstance.py:3895} INFO - 0 downstream tasks scheduled from follow-on schedule check
[2024-11-13T15:42:01.987+0000] {local_task_job_runner.py:245} INFO - ::endgroup::
