[2024-11-14T14:28:08.689+0000] {local_task_job_runner.py:123} INFO - ::group::Pre task execution logs
[2024-11-14T14:28:08.702+0000] {taskinstance.py:2613} INFO - Dependencies all met for dep_context=non-requeueable deps ti=<TaskInstance: mongodb_to_kafka_streaming.consume_from_kafka manual__2024-11-14T14:28:02.464832+00:00 [queued]>
[2024-11-14T14:28:08.709+0000] {taskinstance.py:2613} INFO - Dependencies all met for dep_context=requeueable deps ti=<TaskInstance: mongodb_to_kafka_streaming.consume_from_kafka manual__2024-11-14T14:28:02.464832+00:00 [queued]>
[2024-11-14T14:28:08.710+0000] {taskinstance.py:2866} INFO - Starting attempt 1 of 2
[2024-11-14T14:28:08.722+0000] {taskinstance.py:2889} INFO - Executing <Task(PythonOperator): consume_from_kafka> on 2024-11-14 14:28:02.464832+00:00
[2024-11-14T14:28:08.730+0000] {standard_task_runner.py:104} INFO - Running: ['airflow', 'tasks', 'run', 'mongodb_to_kafka_streaming', 'consume_from_kafka', 'manual__2024-11-14T14:28:02.464832+00:00', '--job-id', '4', '--raw', '--subdir', 'DAGS_FOLDER/test_airflow_ahihi.py', '--cfg-path', '/tmp/tmp29sk0a64']
[2024-11-14T14:28:08.729+0000] {logging_mixin.py:190} WARNING - /home/airflow/.local/lib/python3.12/site-packages/airflow/task/task_runner/standard_task_runner.py:70 DeprecationWarning: This process (pid=267) is multi-threaded, use of fork() may lead to deadlocks in the child.
[2024-11-14T14:28:08.745+0000] {standard_task_runner.py:105} INFO - Job 4: Subtask consume_from_kafka
[2024-11-14T14:28:08.746+0000] {standard_task_runner.py:72} INFO - Started process 268 to run task
[2024-11-14T14:28:08.759+0000] {logging_mixin.py:190} WARNING - /home/airflow/.local/lib/python3.12/site-packages/airflow/settings.py:209 DeprecationWarning: The sql_alchemy_conn option in [core] has been moved to the sql_alchemy_conn option in [database] - the old setting has been used, but please update your config.
[2024-11-14T14:28:08.809+0000] {task_command.py:467} INFO - Running <TaskInstance: mongodb_to_kafka_streaming.consume_from_kafka manual__2024-11-14T14:28:02.464832+00:00 [running]> on host 06e1585c0f69
[2024-11-14T14:28:08.897+0000] {taskinstance.py:3132} INFO - Exporting env vars: AIRFLOW_CTX_DAG_OWNER='airflow' AIRFLOW_CTX_DAG_ID='mongodb_to_kafka_streaming' AIRFLOW_CTX_TASK_ID='consume_from_kafka' AIRFLOW_CTX_EXECUTION_DATE='2024-11-14T14:28:02.464832+00:00' AIRFLOW_CTX_TRY_NUMBER='1' AIRFLOW_CTX_DAG_RUN_ID='manual__2024-11-14T14:28:02.464832+00:00'
[2024-11-14T14:28:08.899+0000] {taskinstance.py:731} INFO - ::endgroup::
[2024-11-14T14:28:08.925+0000] {logging_mixin.py:190} INFO - Consumer đã bắt đầu lắng nghe topic books_topic...
[2024-11-14T14:28:09.927+0000] {logging_mixin.py:190} INFO - Không có tin nhắn mới trong khoảng thời gian chờ.
[2024-11-14T14:28:09.930+0000] {logging_mixin.py:190} INFO - Consumer đã dừng.
[2024-11-14T14:28:09.931+0000] {python.py:240} INFO - Done. Returned value was: None
[2024-11-14T14:28:09.951+0000] {taskinstance.py:340} INFO - ::group::Post task execution logs
[2024-11-14T14:28:09.953+0000] {taskinstance.py:352} INFO - Marking task as SUCCESS. dag_id=mongodb_to_kafka_streaming, task_id=consume_from_kafka, run_id=manual__2024-11-14T14:28:02.464832+00:00, execution_date=20241114T142802, start_date=20241114T142808, end_date=20241114T142809
[2024-11-14T14:28:10.007+0000] {local_task_job_runner.py:266} INFO - Task exited with return code 0
[2024-11-14T14:28:10.032+0000] {taskinstance.py:3895} INFO - 0 downstream tasks scheduled from follow-on schedule check
[2024-11-14T14:28:10.034+0000] {local_task_job_runner.py:245} INFO - ::endgroup::
