[2024-11-14T14:18:10.562+0000] {local_task_job_runner.py:123} INFO - ::group::Pre task execution logs
[2024-11-14T14:18:10.581+0000] {taskinstance.py:2613} INFO - Dependencies all met for dep_context=non-requeueable deps ti=<TaskInstance: mongodb_to_kafka_streaming.consume_from_kafka manual__2024-11-14T14:18:05.984210+00:00 [queued]>
[2024-11-14T14:18:10.588+0000] {taskinstance.py:2613} INFO - Dependencies all met for dep_context=requeueable deps ti=<TaskInstance: mongodb_to_kafka_streaming.consume_from_kafka manual__2024-11-14T14:18:05.984210+00:00 [queued]>
[2024-11-14T14:18:10.589+0000] {taskinstance.py:2866} INFO - Starting attempt 1 of 2
[2024-11-14T14:18:10.600+0000] {taskinstance.py:2889} INFO - Executing <Task(PythonOperator): consume_from_kafka> on 2024-11-14 14:18:05.984210+00:00
[2024-11-14T14:18:10.610+0000] {logging_mixin.py:190} WARNING - /home/airflow/.local/lib/python3.12/site-packages/airflow/task/task_runner/standard_task_runner.py:70 DeprecationWarning: This process (pid=239) is multi-threaded, use of fork() may lead to deadlocks in the child.
[2024-11-14T14:18:10.611+0000] {standard_task_runner.py:72} INFO - Started process 240 to run task
[2024-11-14T14:18:10.610+0000] {standard_task_runner.py:104} INFO - Running: ['airflow', 'tasks', 'run', 'mongodb_to_kafka_streaming', 'consume_from_kafka', 'manual__2024-11-14T14:18:05.984210+00:00', '--job-id', '4', '--raw', '--subdir', 'DAGS_FOLDER/test_airflow_ahihi.py', '--cfg-path', '/tmp/tmptelc34e9']
[2024-11-14T14:18:10.613+0000] {standard_task_runner.py:105} INFO - Job 4: Subtask consume_from_kafka
[2024-11-14T14:18:10.634+0000] {logging_mixin.py:190} WARNING - /home/airflow/.local/lib/python3.12/site-packages/airflow/settings.py:209 DeprecationWarning: The sql_alchemy_conn option in [core] has been moved to the sql_alchemy_conn option in [database] - the old setting has been used, but please update your config.
[2024-11-14T14:18:10.678+0000] {task_command.py:467} INFO - Running <TaskInstance: mongodb_to_kafka_streaming.consume_from_kafka manual__2024-11-14T14:18:05.984210+00:00 [running]> on host 357bb1dfb697
[2024-11-14T14:18:10.761+0000] {taskinstance.py:3132} INFO - Exporting env vars: AIRFLOW_CTX_DAG_OWNER='airflow' AIRFLOW_CTX_DAG_ID='mongodb_to_kafka_streaming' AIRFLOW_CTX_TASK_ID='consume_from_kafka' AIRFLOW_CTX_EXECUTION_DATE='2024-11-14T14:18:05.984210+00:00' AIRFLOW_CTX_TRY_NUMBER='1' AIRFLOW_CTX_DAG_RUN_ID='manual__2024-11-14T14:18:05.984210+00:00'
[2024-11-14T14:18:10.763+0000] {taskinstance.py:731} INFO - ::endgroup::
[2024-11-14T14:18:10.782+0000] {logging_mixin.py:190} INFO - Consumer đã bắt đầu lắng nghe topic books_topic...
[2024-11-14T14:18:11.783+0000] {logging_mixin.py:190} INFO - Không có tin nhắn mới trong khoảng thời gian chờ.
[2024-11-14T14:18:11.784+0000] {logging_mixin.py:190} INFO - Consumer đã dừng.
[2024-11-14T14:18:11.785+0000] {python.py:240} INFO - Done. Returned value was: None
[2024-11-14T14:18:11.801+0000] {taskinstance.py:340} INFO - ::group::Post task execution logs
[2024-11-14T14:18:11.802+0000] {taskinstance.py:352} INFO - Marking task as SUCCESS. dag_id=mongodb_to_kafka_streaming, task_id=consume_from_kafka, run_id=manual__2024-11-14T14:18:05.984210+00:00, execution_date=20241114T141805, start_date=20241114T141810, end_date=20241114T141811
[2024-11-14T14:18:11.838+0000] {local_task_job_runner.py:266} INFO - Task exited with return code 0
[2024-11-14T14:18:11.854+0000] {taskinstance.py:3895} INFO - 0 downstream tasks scheduled from follow-on schedule check
[2024-11-14T14:18:11.856+0000] {local_task_job_runner.py:245} INFO - ::endgroup::
