[2024-11-12T09:29:22.394+0000] {local_task_job_runner.py:123} INFO - ::group::Pre task execution logs
[2024-11-12T09:29:22.440+0000] {taskinstance.py:2613} INFO - Dependencies all met for dep_context=non-requeueable deps ti=<TaskInstance: example_hello_world.hello_task scheduled__2024-11-12T09:26:00+00:00 [queued]>
[2024-11-12T09:29:22.459+0000] {taskinstance.py:2613} INFO - Dependencies all met for dep_context=requeueable deps ti=<TaskInstance: example_hello_world.hello_task scheduled__2024-11-12T09:26:00+00:00 [queued]>
[2024-11-12T09:29:22.460+0000] {taskinstance.py:2866} INFO - Starting attempt 1 of 2
[2024-11-12T09:29:22.495+0000] {taskinstance.py:2889} INFO - Executing <Task(PythonOperator): hello_task> on 2024-11-12 09:26:00+00:00
[2024-11-12T09:29:22.538+0000] {logging_mixin.py:190} WARNING - /home/airflow/.local/lib/python3.12/site-packages/airflow/task/task_runner/standard_task_runner.py:70 DeprecationWarning: This process (pid=194) is multi-threaded, use of fork() may lead to deadlocks in the child.
[2024-11-12T09:29:22.526+0000] {standard_task_runner.py:104} INFO - Running: ['airflow', 'tasks', 'run', 'example_hello_world', 'hello_task', 'scheduled__2024-11-12T09:26:00+00:00', '--job-id', '35', '--raw', '--subdir', 'DAGS_FOLDER/example_dag.py', '--cfg-path', '/tmp/tmpb6iipuya']
[2024-11-12T09:29:22.545+0000] {standard_task_runner.py:72} INFO - Started process 195 to run task
[2024-11-12T09:29:22.546+0000] {standard_task_runner.py:105} INFO - Job 35: Subtask hello_task
[2024-11-12T09:29:22.609+0000] {logging_mixin.py:190} WARNING - /home/airflow/.local/lib/python3.12/site-packages/airflow/settings.py:209 DeprecationWarning: The sql_alchemy_conn option in [core] has been moved to the sql_alchemy_conn option in [database] - the old setting has been used, but please update your config.
[2024-11-12T09:29:22.865+0000] {task_command.py:467} INFO - Running <TaskInstance: example_hello_world.hello_task scheduled__2024-11-12T09:26:00+00:00 [running]> on host 5a56f41a2334
[2024-11-12T09:29:22.867+0000] {logging_mixin.py:190} WARNING - /home/airflow/.local/lib/python3.12/site-packages/airflow/settings.py:470 DeprecationWarning: The sql_alchemy_conn option in [core] has been moved to the sql_alchemy_conn option in [database] - the old setting has been used, but please update your config.
[2024-11-12T09:29:23.459+0000] {taskinstance.py:3132} INFO - Exporting env vars: AIRFLOW_CTX_DAG_OWNER='airflow' AIRFLOW_CTX_DAG_ID='example_hello_world' AIRFLOW_CTX_TASK_ID='hello_task' AIRFLOW_CTX_EXECUTION_DATE='2024-11-12T09:26:00+00:00' AIRFLOW_CTX_TRY_NUMBER='1' AIRFLOW_CTX_DAG_RUN_ID='scheduled__2024-11-12T09:26:00+00:00'
[2024-11-12T09:29:23.464+0000] {taskinstance.py:731} INFO - ::endgroup::
[2024-11-12T09:29:23.773+0000] {logging_mixin.py:190} INFO - Hello, World!
[2024-11-12T09:29:23.775+0000] {python.py:240} INFO - Done. Returned value was: None
[2024-11-12T09:29:23.824+0000] {taskinstance.py:340} INFO - ::group::Post task execution logs
[2024-11-12T09:29:23.825+0000] {taskinstance.py:352} INFO - Marking task as SUCCESS. dag_id=example_hello_world, task_id=hello_task, run_id=scheduled__2024-11-12T09:26:00+00:00, execution_date=20241112T092600, start_date=20241112T092922, end_date=20241112T092923
[2024-11-12T09:29:23.880+0000] {local_task_job_runner.py:266} INFO - Task exited with return code 0
[2024-11-12T09:29:23.955+0000] {taskinstance.py:3895} INFO - 0 downstream tasks scheduled from follow-on schedule check
[2024-11-12T09:29:23.958+0000] {local_task_job_runner.py:245} INFO - ::endgroup::
