[2024-11-14T14:50:30.710+0000] {local_task_job_runner.py:123} INFO - ::group::Pre task execution logs
[2024-11-14T14:50:30.764+0000] {taskinstance.py:2613} INFO - Dependencies all met for dep_context=non-requeueable deps ti=<TaskInstance: mongodb_to_kafka_streaming.stream_to_kafka manual__2024-11-14T14:50:26.664579+00:00 [queued]>
[2024-11-14T14:50:30.787+0000] {taskinstance.py:2613} INFO - Dependencies all met for dep_context=requeueable deps ti=<TaskInstance: mongodb_to_kafka_streaming.stream_to_kafka manual__2024-11-14T14:50:26.664579+00:00 [queued]>
[2024-11-14T14:50:30.790+0000] {taskinstance.py:2866} INFO - Starting attempt 1 of 2
[2024-11-14T14:50:30.804+0000] {taskinstance.py:2889} INFO - Executing <Task(PythonOperator): stream_to_kafka> on 2024-11-14 14:50:26.664579+00:00
[2024-11-14T14:50:30.818+0000] {logging_mixin.py:190} WARNING - /home/airflow/.local/lib/python3.12/site-packages/airflow/task/task_runner/standard_task_runner.py:70 DeprecationWarning: This process (pid=303) is multi-threaded, use of fork() may lead to deadlocks in the child.
[2024-11-14T14:50:30.819+0000] {standard_task_runner.py:72} INFO - Started process 304 to run task
[2024-11-14T14:50:30.818+0000] {standard_task_runner.py:104} INFO - Running: ['airflow', 'tasks', 'run', 'mongodb_to_kafka_streaming', 'stream_to_kafka', 'manual__2024-11-14T14:50:26.664579+00:00', '--job-id', '3', '--raw', '--subdir', 'DAGS_FOLDER/test_airflow_ahihi.py', '--cfg-path', '/tmp/tmpjrzpp95e']
[2024-11-14T14:50:30.821+0000] {standard_task_runner.py:105} INFO - Job 3: Subtask stream_to_kafka
[2024-11-14T14:50:30.851+0000] {logging_mixin.py:190} WARNING - /home/airflow/.local/lib/python3.12/site-packages/airflow/settings.py:209 DeprecationWarning: The sql_alchemy_conn option in [core] has been moved to the sql_alchemy_conn option in [database] - the old setting has been used, but please update your config.
[2024-11-14T14:50:30.957+0000] {task_command.py:467} INFO - Running <TaskInstance: mongodb_to_kafka_streaming.stream_to_kafka manual__2024-11-14T14:50:26.664579+00:00 [running]> on host 95a60a75701d
[2024-11-14T14:50:31.230+0000] {taskinstance.py:3132} INFO - Exporting env vars: AIRFLOW_CTX_DAG_OWNER='airflow' AIRFLOW_CTX_DAG_ID='mongodb_to_kafka_streaming' AIRFLOW_CTX_TASK_ID='stream_to_kafka' AIRFLOW_CTX_EXECUTION_DATE='2024-11-14T14:50:26.664579+00:00' AIRFLOW_CTX_TRY_NUMBER='1' AIRFLOW_CTX_DAG_RUN_ID='manual__2024-11-14T14:50:26.664579+00:00'
[2024-11-14T14:50:31.231+0000] {taskinstance.py:731} INFO - ::endgroup::
[2024-11-14T14:50:32.711+0000] {logging_mixin.py:190} INFO - Đã gửi 120 bản ghi đến Kafka.
[2024-11-14T14:50:32.815+0000] {python.py:240} INFO - Done. Returned value was: None
[2024-11-14T14:50:32.931+0000] {taskinstance.py:340} INFO - ::group::Post task execution logs
[2024-11-14T14:50:32.933+0000] {taskinstance.py:352} INFO - Marking task as SUCCESS. dag_id=mongodb_to_kafka_streaming, task_id=stream_to_kafka, run_id=manual__2024-11-14T14:50:26.664579+00:00, execution_date=20241114T145026, start_date=20241114T145030, end_date=20241114T145032
[2024-11-14T14:50:33.028+0000] {local_task_job_runner.py:266} INFO - Task exited with return code 0
[2024-11-14T14:50:33.054+0000] {taskinstance.py:3895} INFO - 1 downstream tasks scheduled from follow-on schedule check
[2024-11-14T14:50:33.056+0000] {local_task_job_runner.py:245} INFO - ::endgroup::
