[2024-11-13T15:15:06.581+0000] {local_task_job_runner.py:123} INFO - ::group::Pre task execution logs
[2024-11-13T15:15:06.640+0000] {taskinstance.py:2613} INFO - Dependencies all met for dep_context=non-requeueable deps ti=<TaskInstance: docker_build_and_run.cd_to_dags manual__2024-11-13T15:15:04.871229+00:00 [queued]>
[2024-11-13T15:15:06.665+0000] {taskinstance.py:2613} INFO - Dependencies all met for dep_context=requeueable deps ti=<TaskInstance: docker_build_and_run.cd_to_dags manual__2024-11-13T15:15:04.871229+00:00 [queued]>
[2024-11-13T15:15:06.667+0000] {taskinstance.py:2866} INFO - Starting attempt 1 of 1
[2024-11-13T15:15:06.693+0000] {taskinstance.py:2889} INFO - Executing <Task(BashOperator): cd_to_dags> on 2024-11-13 15:15:04.871229+00:00
[2024-11-13T15:15:06.739+0000] {logging_mixin.py:190} WARNING - /home/airflow/.local/lib/python3.12/site-packages/airflow/task/task_runner/standard_task_runner.py:70 DeprecationWarning: This process (pid=208) is multi-threaded, use of fork() may lead to deadlocks in the child.
[2024-11-13T15:15:06.744+0000] {standard_task_runner.py:72} INFO - Started process 209 to run task
[2024-11-13T15:15:06.738+0000] {standard_task_runner.py:104} INFO - Running: ['airflow', 'tasks', 'run', 'docker_build_and_run', 'cd_to_dags', 'manual__2024-11-13T15:15:04.871229+00:00', '--job-id', '2', '--raw', '--subdir', 'DAGS_FOLDER/test_main.py', '--cfg-path', '/tmp/tmpv1r04qzf']
[2024-11-13T15:15:06.745+0000] {standard_task_runner.py:105} INFO - Job 2: Subtask cd_to_dags
[2024-11-13T15:15:06.787+0000] {logging_mixin.py:190} WARNING - /home/airflow/.local/lib/python3.12/site-packages/airflow/settings.py:209 DeprecationWarning: The sql_alchemy_conn option in [core] has been moved to the sql_alchemy_conn option in [database] - the old setting has been used, but please update your config.
[2024-11-13T15:15:06.963+0000] {task_command.py:467} INFO - Running <TaskInstance: docker_build_and_run.cd_to_dags manual__2024-11-13T15:15:04.871229+00:00 [running]> on host 04a5809383d1
[2024-11-13T15:15:07.159+0000] {taskinstance.py:3132} INFO - Exporting env vars: AIRFLOW_CTX_DAG_OWNER='airflow' AIRFLOW_CTX_DAG_ID='docker_build_and_run' AIRFLOW_CTX_TASK_ID='cd_to_dags' AIRFLOW_CTX_EXECUTION_DATE='2024-11-13T15:15:04.871229+00:00' AIRFLOW_CTX_TRY_NUMBER='1' AIRFLOW_CTX_DAG_RUN_ID='manual__2024-11-13T15:15:04.871229+00:00'
[2024-11-13T15:15:07.162+0000] {taskinstance.py:731} INFO - ::endgroup::
[2024-11-13T15:15:07.253+0000] {subprocess.py:78} INFO - Tmp dir root location: /tmp
[2024-11-13T15:15:07.256+0000] {subprocess.py:88} INFO - Running command: ['/usr/bin/bash', '-c', 'cd /opt/airflow/dags']
[2024-11-13T15:15:07.284+0000] {subprocess.py:99} INFO - Output:
[2024-11-13T15:15:07.299+0000] {subprocess.py:110} INFO - Command exited with return code 0
[2024-11-13T15:15:07.337+0000] {taskinstance.py:340} INFO - ::group::Post task execution logs
[2024-11-13T15:15:07.338+0000] {taskinstance.py:352} INFO - Marking task as SUCCESS. dag_id=docker_build_and_run, task_id=cd_to_dags, run_id=manual__2024-11-13T15:15:04.871229+00:00, execution_date=20241113T151504, start_date=20241113T151506, end_date=20241113T151507
[2024-11-13T15:15:07.375+0000] {local_task_job_runner.py:266} INFO - Task exited with return code 0
[2024-11-13T15:15:07.407+0000] {taskinstance.py:3895} INFO - 1 downstream tasks scheduled from follow-on schedule check
[2024-11-13T15:15:07.409+0000] {local_task_job_runner.py:245} INFO - ::endgroup::
