[2024-11-14T18:29:27.256+0000] {local_task_job_runner.py:123} INFO - ::group::Pre task execution logs
[2024-11-14T18:29:27.273+0000] {taskinstance.py:2613} INFO - Dependencies all met for dep_context=non-requeueable deps ti=<TaskInstance: mongodb_to_kafka_streaming.create_kafka_topic manual__2024-11-14T18:29:24.403089+00:00 [queued]>
[2024-11-14T18:29:27.281+0000] {taskinstance.py:2613} INFO - Dependencies all met for dep_context=requeueable deps ti=<TaskInstance: mongodb_to_kafka_streaming.create_kafka_topic manual__2024-11-14T18:29:24.403089+00:00 [queued]>
[2024-11-14T18:29:27.282+0000] {taskinstance.py:2866} INFO - Starting attempt 1 of 2
[2024-11-14T18:29:27.294+0000] {taskinstance.py:2889} INFO - Executing <Task(PythonOperator): create_kafka_topic> on 2024-11-14 18:29:24.403089+00:00
[2024-11-14T18:29:27.306+0000] {logging_mixin.py:190} WARNING - /home/airflow/.local/lib/python3.12/site-packages/airflow/task/task_runner/standard_task_runner.py:70 DeprecationWarning: This process (pid=286) is multi-threaded, use of fork() may lead to deadlocks in the child.
[2024-11-14T18:29:27.307+0000] {standard_task_runner.py:72} INFO - Started process 287 to run task
[2024-11-14T18:29:27.307+0000] {standard_task_runner.py:104} INFO - Running: ['airflow', 'tasks', 'run', 'mongodb_to_kafka_streaming', 'create_kafka_topic', 'manual__2024-11-14T18:29:24.403089+00:00', '--job-id', '2', '--raw', '--subdir', 'DAGS_FOLDER/test_airflow_ahihi.py', '--cfg-path', '/tmp/tmpx797176d']
[2024-11-14T18:29:27.309+0000] {standard_task_runner.py:105} INFO - Job 2: Subtask create_kafka_topic
[2024-11-14T18:29:27.326+0000] {logging_mixin.py:190} WARNING - /home/airflow/.local/lib/python3.12/site-packages/airflow/settings.py:209 DeprecationWarning: The sql_alchemy_conn option in [core] has been moved to the sql_alchemy_conn option in [database] - the old setting has been used, but please update your config.
[2024-11-14T18:29:27.372+0000] {task_command.py:467} INFO - Running <TaskInstance: mongodb_to_kafka_streaming.create_kafka_topic manual__2024-11-14T18:29:24.403089+00:00 [running]> on host 60aa4e6e3b3d
[2024-11-14T18:29:27.483+0000] {taskinstance.py:3132} INFO - Exporting env vars: AIRFLOW_CTX_DAG_OWNER='airflow' AIRFLOW_CTX_DAG_ID='mongodb_to_kafka_streaming' AIRFLOW_CTX_TASK_ID='create_kafka_topic' AIRFLOW_CTX_EXECUTION_DATE='2024-11-14T18:29:24.403089+00:00' AIRFLOW_CTX_TRY_NUMBER='1' AIRFLOW_CTX_DAG_RUN_ID='manual__2024-11-14T18:29:24.403089+00:00'
[2024-11-14T18:29:27.484+0000] {taskinstance.py:731} INFO - ::endgroup::
[2024-11-14T18:29:27.547+0000] {logging_mixin.py:190} INFO - Topic books_topic chưa tồn tại, đang tạo mới...
[2024-11-14T18:29:27.549+0000] {logging_mixin.py:190} INFO - Topic books_topic đã được tạo.
[2024-11-14T18:29:27.552+0000] {python.py:240} INFO - Done. Returned value was: None
[2024-11-14T18:29:27.569+0000] {taskinstance.py:340} INFO - ::group::Post task execution logs
[2024-11-14T18:29:27.570+0000] {taskinstance.py:352} INFO - Marking task as SUCCESS. dag_id=mongodb_to_kafka_streaming, task_id=create_kafka_topic, run_id=manual__2024-11-14T18:29:24.403089+00:00, execution_date=20241114T182924, start_date=20241114T182927, end_date=20241114T182927
[2024-11-14T18:29:27.608+0000] {local_task_job_runner.py:266} INFO - Task exited with return code 0
[2024-11-14T18:29:27.628+0000] {taskinstance.py:3895} INFO - 1 downstream tasks scheduled from follow-on schedule check
[2024-11-14T18:29:27.630+0000] {local_task_job_runner.py:245} INFO - ::endgroup::
