[2024-11-13T15:56:30.566+0000] {local_task_job_runner.py:123} INFO - ::group::Pre task execution logs
[2024-11-13T15:56:30.609+0000] {taskinstance.py:2613} INFO - Dependencies all met for dep_context=non-requeueable deps ti=<TaskInstance: docker_build_and_run.list_files manual__2024-11-13T15:56:27.888258+00:00 [queued]>
[2024-11-13T15:56:30.648+0000] {taskinstance.py:2613} INFO - Dependencies all met for dep_context=requeueable deps ti=<TaskInstance: docker_build_and_run.list_files manual__2024-11-13T15:56:27.888258+00:00 [queued]>
[2024-11-13T15:56:30.649+0000] {taskinstance.py:2866} INFO - Starting attempt 1 of 1
[2024-11-13T15:56:30.709+0000] {taskinstance.py:2889} INFO - Executing <Task(BashOperator): list_files> on 2024-11-13 15:56:27.888258+00:00
[2024-11-13T15:56:30.737+0000] {logging_mixin.py:190} WARNING - /home/airflow/.local/lib/python3.12/site-packages/airflow/task/task_runner/standard_task_runner.py:70 DeprecationWarning: This process (pid=199) is multi-threaded, use of fork() may lead to deadlocks in the child.
[2024-11-13T15:56:30.729+0000] {standard_task_runner.py:104} INFO - Running: ['airflow', 'tasks', 'run', 'docker_build_and_run', 'list_files', 'manual__2024-11-13T15:56:27.888258+00:00', '--job-id', '2', '--raw', '--subdir', 'DAGS_FOLDER/test_main.py', '--cfg-path', '/tmp/tmpp4jxw4uu']
[2024-11-13T15:56:30.739+0000] {standard_task_runner.py:72} INFO - Started process 200 to run task
[2024-11-13T15:56:30.739+0000] {standard_task_runner.py:105} INFO - Job 2: Subtask list_files
[2024-11-13T15:56:30.778+0000] {logging_mixin.py:190} WARNING - /home/airflow/.local/lib/python3.12/site-packages/airflow/settings.py:209 DeprecationWarning: The sql_alchemy_conn option in [core] has been moved to the sql_alchemy_conn option in [database] - the old setting has been used, but please update your config.
[2024-11-13T15:56:30.899+0000] {task_command.py:467} INFO - Running <TaskInstance: docker_build_and_run.list_files manual__2024-11-13T15:56:27.888258+00:00 [running]> on host 8b32ee07e938
[2024-11-13T15:56:31.237+0000] {taskinstance.py:3132} INFO - Exporting env vars: AIRFLOW_CTX_DAG_OWNER='airflow' AIRFLOW_CTX_DAG_ID='docker_build_and_run' AIRFLOW_CTX_TASK_ID='list_files' AIRFLOW_CTX_EXECUTION_DATE='2024-11-13T15:56:27.888258+00:00' AIRFLOW_CTX_TRY_NUMBER='1' AIRFLOW_CTX_DAG_RUN_ID='manual__2024-11-13T15:56:27.888258+00:00'
[2024-11-13T15:56:31.241+0000] {taskinstance.py:731} INFO - ::endgroup::
[2024-11-13T15:56:31.345+0000] {subprocess.py:78} INFO - Tmp dir root location: /tmp
[2024-11-13T15:56:31.349+0000] {subprocess.py:88} INFO - Running command: ['/usr/bin/bash', '-c', 'cd /opt/airflow/DeTaiPhanTichDinhLuong_Xuly_Pyspark_WebKimDong_BanChinh/DeTai_PhanTichDinhLuong_WebKimDong-main_version2_pyspark_windows && ls -l']
[2024-11-13T15:56:31.379+0000] {subprocess.py:99} INFO - Output:
[2024-11-13T15:56:31.441+0000] {subprocess.py:106} INFO - total 16
[2024-11-13T15:56:31.443+0000] {subprocess.py:106} INFO - -rwxrwxrwx 1 root root 2505 Nov 11 08:46 Dockerfile
[2024-11-13T15:56:31.444+0000] {subprocess.py:106} INFO - drwxrwxrwx 1 root root  512 Nov 12 09:52 dags
[2024-11-13T15:56:31.444+0000] {subprocess.py:106} INFO - -rwxrwxrwx 1 root root 7122 Nov 13 13:24 docker-compose.yml
[2024-11-13T15:56:31.445+0000] {subprocess.py:106} INFO - -rwxrwxrwx 1 root root 1784 Nov 11 08:50 entrypoint.sh
[2024-11-13T15:56:31.445+0000] {subprocess.py:106} INFO - drwxrwxrwx 1 root root  512 Nov 13 02:52 logs
[2024-11-13T15:56:31.446+0000] {subprocess.py:106} INFO - drwxrwxrwx 1 root root  512 Nov  6 07:53 path
[2024-11-13T15:56:31.446+0000] {subprocess.py:106} INFO - drwxrwxrwx 1 root root  512 Nov 11 13:27 plugins
[2024-11-13T15:56:31.447+0000] {subprocess.py:106} INFO - -rwxrwxrwx 1 root root  284 Nov  7 09:45 requirements.txt
[2024-11-13T15:56:31.447+0000] {subprocess.py:106} INFO - -rwxrwxrwx 1 root root  249 Oct  3 14:00 scrapy.cfg
[2024-11-13T15:56:31.448+0000] {subprocess.py:106} INFO - drwxrwxrwx 1 root root  512 Oct 12 14:46 web
[2024-11-13T15:56:31.449+0000] {subprocess.py:110} INFO - Command exited with return code 0
[2024-11-13T15:56:31.562+0000] {taskinstance.py:340} INFO - ::group::Post task execution logs
[2024-11-13T15:56:31.564+0000] {taskinstance.py:352} INFO - Marking task as SUCCESS. dag_id=docker_build_and_run, task_id=list_files, run_id=manual__2024-11-13T15:56:27.888258+00:00, execution_date=20241113T155627, start_date=20241113T155630, end_date=20241113T155631
[2024-11-13T15:56:31.661+0000] {local_task_job_runner.py:266} INFO - Task exited with return code 0
[2024-11-13T15:56:31.687+0000] {local_task_job_runner.py:245} INFO - ::endgroup::
