[2024-11-20T14:44:25.117+0000] {processor.py:186} INFO - Started process (PID=220) to work on /opt/airflow/dags/airflow_MongoConnectKafka.py
[2024-11-20T14:44:25.119+0000] {processor.py:914} INFO - Processing file /opt/airflow/dags/airflow_MongoConnectKafka.py for tasks to queue
[2024-11-20T14:44:25.120+0000] {logging_mixin.py:190} INFO - [2024-11-20T14:44:25.119+0000] {dagbag.py:588} INFO - Filling up the DagBag from /opt/airflow/dags/airflow_MongoConnectKafka.py
[2024-11-20T14:44:25.186+0000] {processor.py:925} INFO - DAG(s) 'mongodb_to_kafka_streaming' retrieved from /opt/airflow/dags/airflow_MongoConnectKafka.py
[2024-11-20T14:44:25.380+0000] {logging_mixin.py:190} INFO - [2024-11-20T14:44:25.380+0000] {override.py:1911} INFO - Created Permission View: can edit on DAG:mongodb_to_kafka_streaming
[2024-11-20T14:44:25.389+0000] {logging_mixin.py:190} INFO - [2024-11-20T14:44:25.388+0000] {override.py:1911} INFO - Created Permission View: can delete on DAG:mongodb_to_kafka_streaming
[2024-11-20T14:44:25.396+0000] {logging_mixin.py:190} INFO - [2024-11-20T14:44:25.396+0000] {override.py:1911} INFO - Created Permission View: can read on DAG:mongodb_to_kafka_streaming
[2024-11-20T14:44:25.402+0000] {logging_mixin.py:190} INFO - [2024-11-20T14:44:25.401+0000] {override.py:1911} INFO - Created Permission View: menu access on DAG Run:mongodb_to_kafka_streaming
[2024-11-20T14:44:25.407+0000] {logging_mixin.py:190} INFO - [2024-11-20T14:44:25.407+0000] {override.py:1911} INFO - Created Permission View: can delete on DAG Run:mongodb_to_kafka_streaming
[2024-11-20T14:44:25.412+0000] {logging_mixin.py:190} INFO - [2024-11-20T14:44:25.411+0000] {override.py:1911} INFO - Created Permission View: can read on DAG Run:mongodb_to_kafka_streaming
[2024-11-20T14:44:25.417+0000] {logging_mixin.py:190} INFO - [2024-11-20T14:44:25.417+0000] {override.py:1911} INFO - Created Permission View: can create on DAG Run:mongodb_to_kafka_streaming
[2024-11-20T14:44:25.418+0000] {logging_mixin.py:190} INFO - [2024-11-20T14:44:25.418+0000] {dag.py:3239} INFO - Sync 1 DAGs
[2024-11-20T14:44:25.428+0000] {logging_mixin.py:190} INFO - [2024-11-20T14:44:25.427+0000] {dag.py:3262} INFO - Creating ORM DAG for mongodb_to_kafka_streaming
[2024-11-20T14:44:25.428+0000] {logging_mixin.py:190} INFO - [2024-11-20T14:44:25.428+0000] {dag.py:4180} INFO - Setting next_dagrun for mongodb_to_kafka_streaming to None, run_after=None
[2024-11-20T14:44:25.441+0000] {processor.py:208} INFO - Processing /opt/airflow/dags/airflow_MongoConnectKafka.py took 0.328 seconds
[2024-11-20T14:44:55.968+0000] {processor.py:186} INFO - Started process (PID=240) to work on /opt/airflow/dags/airflow_MongoConnectKafka.py
[2024-11-20T14:44:55.969+0000] {processor.py:914} INFO - Processing file /opt/airflow/dags/airflow_MongoConnectKafka.py for tasks to queue
[2024-11-20T14:44:55.970+0000] {logging_mixin.py:190} INFO - [2024-11-20T14:44:55.969+0000] {dagbag.py:588} INFO - Filling up the DagBag from /opt/airflow/dags/airflow_MongoConnectKafka.py
[2024-11-20T14:44:56.032+0000] {processor.py:925} INFO - DAG(s) 'mongodb_to_kafka_streaming' retrieved from /opt/airflow/dags/airflow_MongoConnectKafka.py
[2024-11-20T14:44:56.165+0000] {logging_mixin.py:190} INFO - [2024-11-20T14:44:56.164+0000] {dag.py:3239} INFO - Sync 1 DAGs
[2024-11-20T14:44:56.224+0000] {logging_mixin.py:190} INFO - [2024-11-20T14:44:56.224+0000] {dag.py:4180} INFO - Setting next_dagrun for mongodb_to_kafka_streaming to None, run_after=None
[2024-11-20T14:44:56.240+0000] {processor.py:208} INFO - Processing /opt/airflow/dags/airflow_MongoConnectKafka.py took 0.277 seconds
[2024-11-20T14:45:26.524+0000] {processor.py:186} INFO - Started process (PID=260) to work on /opt/airflow/dags/airflow_MongoConnectKafka.py
[2024-11-20T14:45:26.525+0000] {processor.py:914} INFO - Processing file /opt/airflow/dags/airflow_MongoConnectKafka.py for tasks to queue
[2024-11-20T14:45:26.526+0000] {logging_mixin.py:190} INFO - [2024-11-20T14:45:26.526+0000] {dagbag.py:588} INFO - Filling up the DagBag from /opt/airflow/dags/airflow_MongoConnectKafka.py
[2024-11-20T14:45:26.752+0000] {processor.py:925} INFO - DAG(s) 'mongodb_to_kafka_streaming' retrieved from /opt/airflow/dags/airflow_MongoConnectKafka.py
[2024-11-20T14:45:26.770+0000] {logging_mixin.py:190} INFO - [2024-11-20T14:45:26.769+0000] {dag.py:3239} INFO - Sync 1 DAGs
[2024-11-20T14:45:26.779+0000] {logging_mixin.py:190} INFO - [2024-11-20T14:45:26.779+0000] {dag.py:4180} INFO - Setting next_dagrun for mongodb_to_kafka_streaming to None, run_after=None
[2024-11-20T14:45:26.792+0000] {processor.py:208} INFO - Processing /opt/airflow/dags/airflow_MongoConnectKafka.py took 0.274 seconds
[2024-11-20T14:47:08.753+0000] {processor.py:186} INFO - Started process (PID=220) to work on /opt/airflow/dags/airflow_MongoConnectKafka.py
[2024-11-20T14:47:08.754+0000] {processor.py:914} INFO - Processing file /opt/airflow/dags/airflow_MongoConnectKafka.py for tasks to queue
[2024-11-20T14:47:08.755+0000] {logging_mixin.py:190} INFO - [2024-11-20T14:47:08.755+0000] {dagbag.py:588} INFO - Filling up the DagBag from /opt/airflow/dags/airflow_MongoConnectKafka.py
[2024-11-20T14:47:08.830+0000] {processor.py:925} INFO - DAG(s) 'mongodb_to_kafka_streaming' retrieved from /opt/airflow/dags/airflow_MongoConnectKafka.py
[2024-11-20T14:47:09.037+0000] {logging_mixin.py:190} INFO - [2024-11-20T14:47:09.036+0000] {override.py:1911} INFO - Created Permission View: can read on DAG:mongodb_to_kafka_streaming
[2024-11-20T14:47:09.044+0000] {logging_mixin.py:190} INFO - [2024-11-20T14:47:09.044+0000] {override.py:1911} INFO - Created Permission View: can delete on DAG:mongodb_to_kafka_streaming
[2024-11-20T14:47:09.051+0000] {logging_mixin.py:190} INFO - [2024-11-20T14:47:09.051+0000] {override.py:1911} INFO - Created Permission View: can edit on DAG:mongodb_to_kafka_streaming
[2024-11-20T14:47:09.057+0000] {logging_mixin.py:190} INFO - [2024-11-20T14:47:09.057+0000] {override.py:1911} INFO - Created Permission View: can create on DAG Run:mongodb_to_kafka_streaming
[2024-11-20T14:47:09.063+0000] {logging_mixin.py:190} INFO - [2024-11-20T14:47:09.062+0000] {override.py:1911} INFO - Created Permission View: can read on DAG Run:mongodb_to_kafka_streaming
[2024-11-20T14:47:09.068+0000] {logging_mixin.py:190} INFO - [2024-11-20T14:47:09.068+0000] {override.py:1911} INFO - Created Permission View: can delete on DAG Run:mongodb_to_kafka_streaming
[2024-11-20T14:47:09.073+0000] {logging_mixin.py:190} INFO - [2024-11-20T14:47:09.073+0000] {override.py:1911} INFO - Created Permission View: menu access on DAG Run:mongodb_to_kafka_streaming
[2024-11-20T14:47:09.074+0000] {logging_mixin.py:190} INFO - [2024-11-20T14:47:09.074+0000] {dag.py:3239} INFO - Sync 1 DAGs
[2024-11-20T14:47:09.083+0000] {logging_mixin.py:190} INFO - [2024-11-20T14:47:09.083+0000] {dag.py:3262} INFO - Creating ORM DAG for mongodb_to_kafka_streaming
[2024-11-20T14:47:09.084+0000] {logging_mixin.py:190} INFO - [2024-11-20T14:47:09.084+0000] {dag.py:4180} INFO - Setting next_dagrun for mongodb_to_kafka_streaming to None, run_after=None
[2024-11-20T14:47:09.098+0000] {processor.py:208} INFO - Processing /opt/airflow/dags/airflow_MongoConnectKafka.py took 0.349 seconds
[2024-11-20T14:47:39.540+0000] {processor.py:186} INFO - Started process (PID=242) to work on /opt/airflow/dags/airflow_MongoConnectKafka.py
[2024-11-20T14:47:39.541+0000] {processor.py:914} INFO - Processing file /opt/airflow/dags/airflow_MongoConnectKafka.py for tasks to queue
[2024-11-20T14:47:39.542+0000] {logging_mixin.py:190} INFO - [2024-11-20T14:47:39.542+0000] {dagbag.py:588} INFO - Filling up the DagBag from /opt/airflow/dags/airflow_MongoConnectKafka.py
[2024-11-20T14:47:39.603+0000] {processor.py:925} INFO - DAG(s) 'mongodb_to_kafka_streaming' retrieved from /opt/airflow/dags/airflow_MongoConnectKafka.py
[2024-11-20T14:47:39.743+0000] {logging_mixin.py:190} INFO - [2024-11-20T14:47:39.743+0000] {dag.py:3239} INFO - Sync 1 DAGs
[2024-11-20T14:47:39.752+0000] {logging_mixin.py:190} INFO - [2024-11-20T14:47:39.752+0000] {dag.py:4180} INFO - Setting next_dagrun for mongodb_to_kafka_streaming to None, run_after=None
[2024-11-20T14:47:39.767+0000] {processor.py:208} INFO - Processing /opt/airflow/dags/airflow_MongoConnectKafka.py took 0.231 seconds
