[2024-11-20T14:44:24.770+0000] {processor.py:186} INFO - Started process (PID=215) to work on /opt/airflow/dags/airflow_CrawlDataConnectMongoDB.py
[2024-11-20T14:44:24.771+0000] {processor.py:914} INFO - Processing file /opt/airflow/dags/airflow_CrawlDataConnectMongoDB.py for tasks to queue
[2024-11-20T14:44:24.772+0000] {logging_mixin.py:190} INFO - [2024-11-20T14:44:24.771+0000] {dagbag.py:588} INFO - Filling up the DagBag from /opt/airflow/dags/airflow_CrawlDataConnectMongoDB.py
[2024-11-20T14:44:24.800+0000] {processor.py:925} INFO - DAG(s) 'run_app_crawler_compose' retrieved from /opt/airflow/dags/airflow_CrawlDataConnectMongoDB.py
[2024-11-20T14:44:25.022+0000] {logging_mixin.py:190} INFO - [2024-11-20T14:44:25.022+0000] {override.py:1911} INFO - Created Permission View: can edit on DAG:run_app_crawler_compose
[2024-11-20T14:44:25.028+0000] {logging_mixin.py:190} INFO - [2024-11-20T14:44:25.028+0000] {override.py:1911} INFO - Created Permission View: can delete on DAG:run_app_crawler_compose
[2024-11-20T14:44:25.033+0000] {logging_mixin.py:190} INFO - [2024-11-20T14:44:25.033+0000] {override.py:1911} INFO - Created Permission View: can read on DAG:run_app_crawler_compose
[2024-11-20T14:44:25.041+0000] {logging_mixin.py:190} INFO - [2024-11-20T14:44:25.041+0000] {override.py:1911} INFO - Created Permission View: menu access on DAG Run:run_app_crawler_compose
[2024-11-20T14:44:25.050+0000] {logging_mixin.py:190} INFO - [2024-11-20T14:44:25.050+0000] {override.py:1911} INFO - Created Permission View: can delete on DAG Run:run_app_crawler_compose
[2024-11-20T14:44:25.055+0000] {logging_mixin.py:190} INFO - [2024-11-20T14:44:25.055+0000] {override.py:1911} INFO - Created Permission View: can read on DAG Run:run_app_crawler_compose
[2024-11-20T14:44:25.060+0000] {logging_mixin.py:190} INFO - [2024-11-20T14:44:25.060+0000] {override.py:1911} INFO - Created Permission View: can create on DAG Run:run_app_crawler_compose
[2024-11-20T14:44:25.061+0000] {logging_mixin.py:190} INFO - [2024-11-20T14:44:25.061+0000] {dag.py:3239} INFO - Sync 1 DAGs
[2024-11-20T14:44:25.072+0000] {logging_mixin.py:190} INFO - [2024-11-20T14:44:25.072+0000] {dag.py:3262} INFO - Creating ORM DAG for run_app_crawler_compose
[2024-11-20T14:44:25.073+0000] {logging_mixin.py:190} INFO - [2024-11-20T14:44:25.073+0000] {dag.py:4180} INFO - Setting next_dagrun for run_app_crawler_compose to None, run_after=None
[2024-11-20T14:44:25.087+0000] {processor.py:208} INFO - Processing /opt/airflow/dags/airflow_CrawlDataConnectMongoDB.py took 0.322 seconds
[2024-11-20T14:44:55.857+0000] {processor.py:186} INFO - Started process (PID=235) to work on /opt/airflow/dags/airflow_CrawlDataConnectMongoDB.py
[2024-11-20T14:44:55.858+0000] {processor.py:914} INFO - Processing file /opt/airflow/dags/airflow_CrawlDataConnectMongoDB.py for tasks to queue
[2024-11-20T14:44:55.859+0000] {logging_mixin.py:190} INFO - [2024-11-20T14:44:55.858+0000] {dagbag.py:588} INFO - Filling up the DagBag from /opt/airflow/dags/airflow_CrawlDataConnectMongoDB.py
[2024-11-20T14:44:55.876+0000] {processor.py:925} INFO - DAG(s) 'run_app_crawler_compose' retrieved from /opt/airflow/dags/airflow_CrawlDataConnectMongoDB.py
[2024-11-20T14:44:55.902+0000] {logging_mixin.py:190} INFO - [2024-11-20T14:44:55.901+0000] {dag.py:3239} INFO - Sync 1 DAGs
[2024-11-20T14:44:55.914+0000] {logging_mixin.py:190} INFO - [2024-11-20T14:44:55.914+0000] {dag.py:4180} INFO - Setting next_dagrun for run_app_crawler_compose to None, run_after=None
[2024-11-20T14:44:55.933+0000] {processor.py:208} INFO - Processing /opt/airflow/dags/airflow_CrawlDataConnectMongoDB.py took 0.080 seconds
[2024-11-20T14:45:26.402+0000] {processor.py:186} INFO - Started process (PID=255) to work on /opt/airflow/dags/airflow_CrawlDataConnectMongoDB.py
[2024-11-20T14:45:26.403+0000] {processor.py:914} INFO - Processing file /opt/airflow/dags/airflow_CrawlDataConnectMongoDB.py for tasks to queue
[2024-11-20T14:45:26.404+0000] {logging_mixin.py:190} INFO - [2024-11-20T14:45:26.404+0000] {dagbag.py:588} INFO - Filling up the DagBag from /opt/airflow/dags/airflow_CrawlDataConnectMongoDB.py
[2024-11-20T14:45:26.418+0000] {processor.py:925} INFO - DAG(s) 'run_app_crawler_compose' retrieved from /opt/airflow/dags/airflow_CrawlDataConnectMongoDB.py
[2024-11-20T14:45:26.443+0000] {logging_mixin.py:190} INFO - [2024-11-20T14:45:26.443+0000] {dag.py:3239} INFO - Sync 1 DAGs
[2024-11-20T14:45:26.457+0000] {logging_mixin.py:190} INFO - [2024-11-20T14:45:26.457+0000] {dag.py:4180} INFO - Setting next_dagrun for run_app_crawler_compose to None, run_after=None
[2024-11-20T14:45:26.478+0000] {processor.py:208} INFO - Processing /opt/airflow/dags/airflow_CrawlDataConnectMongoDB.py took 0.082 seconds
[2024-11-20T14:47:08.626+0000] {processor.py:186} INFO - Started process (PID=215) to work on /opt/airflow/dags/airflow_CrawlDataConnectMongoDB.py
[2024-11-20T14:47:08.627+0000] {processor.py:914} INFO - Processing file /opt/airflow/dags/airflow_CrawlDataConnectMongoDB.py for tasks to queue
[2024-11-20T14:47:08.628+0000] {logging_mixin.py:190} INFO - [2024-11-20T14:47:08.627+0000] {dagbag.py:588} INFO - Filling up the DagBag from /opt/airflow/dags/airflow_CrawlDataConnectMongoDB.py
[2024-11-20T14:47:08.650+0000] {processor.py:925} INFO - DAG(s) 'run_app_crawler_compose' retrieved from /opt/airflow/dags/airflow_CrawlDataConnectMongoDB.py
[2024-11-20T14:47:08.838+0000] {logging_mixin.py:190} INFO - [2024-11-20T14:47:08.837+0000] {override.py:1911} INFO - Created Permission View: can read on DAG:run_app_crawler_compose
[2024-11-20T14:47:08.847+0000] {logging_mixin.py:190} INFO - [2024-11-20T14:47:08.847+0000] {override.py:1911} INFO - Created Permission View: can delete on DAG:run_app_crawler_compose
[2024-11-20T14:47:08.854+0000] {logging_mixin.py:190} INFO - [2024-11-20T14:47:08.854+0000] {override.py:1911} INFO - Created Permission View: can edit on DAG:run_app_crawler_compose
[2024-11-20T14:47:08.860+0000] {logging_mixin.py:190} INFO - [2024-11-20T14:47:08.860+0000] {override.py:1911} INFO - Created Permission View: can create on DAG Run:run_app_crawler_compose
[2024-11-20T14:47:08.866+0000] {logging_mixin.py:190} INFO - [2024-11-20T14:47:08.866+0000] {override.py:1911} INFO - Created Permission View: can read on DAG Run:run_app_crawler_compose
[2024-11-20T14:47:08.873+0000] {logging_mixin.py:190} INFO - [2024-11-20T14:47:08.872+0000] {override.py:1911} INFO - Created Permission View: can delete on DAG Run:run_app_crawler_compose
[2024-11-20T14:47:08.879+0000] {logging_mixin.py:190} INFO - [2024-11-20T14:47:08.879+0000] {override.py:1911} INFO - Created Permission View: menu access on DAG Run:run_app_crawler_compose
[2024-11-20T14:47:08.879+0000] {logging_mixin.py:190} INFO - [2024-11-20T14:47:08.879+0000] {dag.py:3239} INFO - Sync 1 DAGs
[2024-11-20T14:47:08.891+0000] {logging_mixin.py:190} INFO - [2024-11-20T14:47:08.891+0000] {dag.py:3262} INFO - Creating ORM DAG for run_app_crawler_compose
[2024-11-20T14:47:08.892+0000] {logging_mixin.py:190} INFO - [2024-11-20T14:47:08.892+0000] {dag.py:4180} INFO - Setting next_dagrun for run_app_crawler_compose to None, run_after=None
[2024-11-20T14:47:08.911+0000] {processor.py:208} INFO - Processing /opt/airflow/dags/airflow_CrawlDataConnectMongoDB.py took 0.289 seconds
[2024-11-20T14:47:39.403+0000] {processor.py:186} INFO - Started process (PID=235) to work on /opt/airflow/dags/airflow_CrawlDataConnectMongoDB.py
[2024-11-20T14:47:39.403+0000] {processor.py:914} INFO - Processing file /opt/airflow/dags/airflow_CrawlDataConnectMongoDB.py for tasks to queue
[2024-11-20T14:47:39.404+0000] {logging_mixin.py:190} INFO - [2024-11-20T14:47:39.404+0000] {dagbag.py:588} INFO - Filling up the DagBag from /opt/airflow/dags/airflow_CrawlDataConnectMongoDB.py
[2024-11-20T14:47:39.419+0000] {processor.py:925} INFO - DAG(s) 'run_app_crawler_compose' retrieved from /opt/airflow/dags/airflow_CrawlDataConnectMongoDB.py
[2024-11-20T14:47:39.440+0000] {logging_mixin.py:190} INFO - [2024-11-20T14:47:39.440+0000] {dag.py:3239} INFO - Sync 1 DAGs
[2024-11-20T14:47:39.452+0000] {logging_mixin.py:190} INFO - [2024-11-20T14:47:39.452+0000] {dag.py:4180} INFO - Setting next_dagrun for run_app_crawler_compose to None, run_after=None
[2024-11-20T14:47:39.474+0000] {processor.py:208} INFO - Processing /opt/airflow/dags/airflow_CrawlDataConnectMongoDB.py took 0.076 seconds
